This file contains any messages produced by compilers while
running configure, to aid debugging if configure makes a mistake.

It was created by gnome2-globalmenu-applet configure 0.1, which was
generated by GNU Autoconf 2.61.  Invocation command line was

  $ ./configure --enable-maintainer-mode --no-create --no-recursion

## --------- ##
## Platform. ##
## --------- ##

hostname = localhost.localdomain
uname -m = i686
uname -r = 2.6.23.9-85.local.fc8
uname -s = Linux
uname -v = #1 SMP PREEMPT Fri Dec 21 13:02:31 EST 2007

/usr/bin/uname -p = unknown
/bin/uname -X     = unknown

/bin/arch              = i686
/usr/bin/arch -k       = unknown
/usr/convex/getsysinfo = unknown
/usr/bin/hostinfo      = unknown
/bin/machine           = unknown
/usr/bin/oslevel       = unknown
/bin/universe          = unknown

PATH: /usr/kerberos/bin
PATH: /usr/lib/ccache
PATH: /usr/local/bin
PATH: /usr/bin
PATH: /bin
PATH: /usr/X11R6/bin
PATH: /home/rainwoodman/bin


## ----------- ##
## Core tests. ##
## ----------- ##

configure:2042: checking for a BSD-compatible install
configure:2098: result: /usr/bin/install -c
configure:2109: checking whether build environment is sane
configure:2152: result: yes
configure:2180: checking for a thread-safe mkdir -p
configure:2219: result: /bin/mkdir -p
configure:2232: checking for gawk
configure:2248: found /usr/bin/gawk
configure:2259: result: gawk
configure:2270: checking whether make sets $(MAKE)
configure:2291: result: yes
configure:2481: checking whether to enable maintainer-specific portions of Makefiles
configure:2490: result: yes
configure:2516: checking for style of include used by make
configure:2544: result: GNU
configure:2614: checking for gcc
configure:2630: found /usr/lib/ccache/gcc
configure:2641: result: gcc
configure:2879: checking for C compiler version
configure:2886: gcc --version >&5
gcc (GCC) 4.1.2 20070925 (Red Hat 4.1.2-33)
Copyright (C) 2006 Free Software Foundation, Inc.
This is free software; see the source for copying conditions.  There is NO
warranty; not even for MERCHANTABILITY or FITNESS FOR A PARTICULAR PURPOSE.

configure:2889: $? = 0
configure:2896: gcc -v >&5
Using built-in specs.
Target: i386-redhat-linux
Configured with: ../configure --prefix=/usr --mandir=/usr/share/man --infodir=/usr/share/info --enable-shared --enable-threads=posix --enable-checking=release --with-system-zlib --enable-__cxa_atexit --disable-libunwind-exceptions --enable-languages=c,c++,objc,obj-c++,java,fortran,ada --enable-java-awt=gtk --disable-dssi --enable-plugin --with-java-home=/usr/lib/jvm/java-1.5.0-gcj-1.5.0.0/jre --enable-libgcj-multifile --enable-java-maintainer-mode --with-ecj-jar=/usr/share/java/eclipse-ecj.jar --with-cpu=generic --host=i386-redhat-linux
Thread model: posix
gcc version 4.1.2 20070925 (Red Hat 4.1.2-33)
configure:2899: $? = 0
configure:2906: gcc -V >&5
gcc: '-V' option must have argument
configure:2909: $? = 1
configure:2932: checking for C compiler default output file name
configure:2959: gcc    conftest.c  >&5
configure:2962: $? = 0
configure:3000: result: a.out
configure:3017: checking whether the C compiler works
configure:3027: ./a.out
configure:3030: $? = 0
configure:3047: result: yes
configure:3054: checking whether we are cross compiling
configure:3056: result: no
configure:3059: checking for suffix of executables
configure:3066: gcc -o conftest    conftest.c  >&5
configure:3069: $? = 0
configure:3093: result: 
configure:3099: checking for suffix of object files
configure:3125: gcc -c   conftest.c >&5
configure:3128: $? = 0
configure:3151: result: o
configure:3155: checking whether we are using the GNU C compiler
configure:3184: gcc -c   conftest.c >&5
configure:3190: $? = 0
configure:3207: result: yes
configure:3212: checking whether gcc accepts -g
configure:3242: gcc -c -g  conftest.c >&5
configure:3248: $? = 0
configure:3347: result: yes
configure:3364: checking for gcc option to accept ISO C89
configure:3438: gcc  -c -g -O2  conftest.c >&5
configure:3444: $? = 0
configure:3467: result: none needed
configure:3487: checking dependency style of gcc
configure:3578: result: gcc3
configure:3594: checking for library containing strerror
configure:3635: gcc -o conftest -g -O2   conftest.c  >&5
configure:3641: $? = 0
configure:3669: result: none required
configure:3725: checking for gcc
configure:3752: result: gcc
configure:3990: checking for C compiler version
configure:3997: gcc --version >&5
gcc (GCC) 4.1.2 20070925 (Red Hat 4.1.2-33)
Copyright (C) 2006 Free Software Foundation, Inc.
This is free software; see the source for copying conditions.  There is NO
warranty; not even for MERCHANTABILITY or FITNESS FOR A PARTICULAR PURPOSE.

configure:4000: $? = 0
configure:4007: gcc -v >&5
Using built-in specs.
Target: i386-redhat-linux
Configured with: ../configure --prefix=/usr --mandir=/usr/share/man --infodir=/usr/share/info --enable-shared --enable-threads=posix --enable-checking=release --with-system-zlib --enable-__cxa_atexit --disable-libunwind-exceptions --enable-languages=c,c++,objc,obj-c++,java,fortran,ada --enable-java-awt=gtk --disable-dssi --enable-plugin --with-java-home=/usr/lib/jvm/java-1.5.0-gcj-1.5.0.0/jre --enable-libgcj-multifile --enable-java-maintainer-mode --with-ecj-jar=/usr/share/java/eclipse-ecj.jar --with-cpu=generic --host=i386-redhat-linux
Thread model: posix
gcc version 4.1.2 20070925 (Red Hat 4.1.2-33)
configure:4010: $? = 0
configure:4017: gcc -V >&5
gcc: '-V' option must have argument
configure:4020: $? = 1
configure:4023: checking whether we are using the GNU C compiler
configure:4075: result: yes
configure:4080: checking whether gcc accepts -g
configure:4215: result: yes
configure:4232: checking for gcc option to accept ISO C89
configure:4335: result: none needed
configure:4355: checking dependency style of gcc
configure:4446: result: gcc3
configure:4509: checking for gcc
configure:4536: result: gcc
configure:4774: checking for C compiler version
configure:4781: gcc --version >&5
gcc (GCC) 4.1.2 20070925 (Red Hat 4.1.2-33)
Copyright (C) 2006 Free Software Foundation, Inc.
This is free software; see the source for copying conditions.  There is NO
warranty; not even for MERCHANTABILITY or FITNESS FOR A PARTICULAR PURPOSE.

configure:4784: $? = 0
configure:4791: gcc -v >&5
Using built-in specs.
Target: i386-redhat-linux
Configured with: ../configure --prefix=/usr --mandir=/usr/share/man --infodir=/usr/share/info --enable-shared --enable-threads=posix --enable-checking=release --with-system-zlib --enable-__cxa_atexit --disable-libunwind-exceptions --enable-languages=c,c++,objc,obj-c++,java,fortran,ada --enable-java-awt=gtk --disable-dssi --enable-plugin --with-java-home=/usr/lib/jvm/java-1.5.0-gcj-1.5.0.0/jre --enable-libgcj-multifile --enable-java-maintainer-mode --with-ecj-jar=/usr/share/java/eclipse-ecj.jar --with-cpu=generic --host=i386-redhat-linux
Thread model: posix
gcc version 4.1.2 20070925 (Red Hat 4.1.2-33)
configure:4794: $? = 0
configure:4801: gcc -V >&5
gcc: '-V' option must have argument
configure:4804: $? = 1
configure:4807: checking whether we are using the GNU C compiler
configure:4859: result: yes
configure:4864: checking whether gcc accepts -g
configure:4999: result: yes
configure:5016: checking for gcc option to accept ISO C89
configure:5119: result: none needed
configure:5139: checking dependency style of gcc
configure:5230: result: gcc3
configure:5253: checking how to run the C preprocessor
configure:5293: gcc -E  conftest.c
configure:5299: $? = 0
configure:5330: gcc -E  conftest.c
conftest.c:10:28: error: ac_nonexistent.h: No such file or directory
configure:5336: $? = 1
configure: failed program was:
| /* confdefs.h.  */
| #define PACKAGE_NAME "gnome2-globalmenu-applet"
| #define PACKAGE_TARNAME "gnome2-globalmenu-applet"
| #define PACKAGE_VERSION "0.1"
| #define PACKAGE_STRING "gnome2-globalmenu-applet 0.1"
| #define PACKAGE_BUGREPORT ""
| #define PACKAGE "gnome2-globalmenu-applet"
| #define VERSION "0.1"
| /* end confdefs.h.  */
| #include <ac_nonexistent.h>
configure:5369: result: gcc -E
configure:5398: gcc -E  conftest.c
configure:5404: $? = 0
configure:5435: gcc -E  conftest.c
conftest.c:10:28: error: ac_nonexistent.h: No such file or directory
configure:5441: $? = 1
configure: failed program was:
| /* confdefs.h.  */
| #define PACKAGE_NAME "gnome2-globalmenu-applet"
| #define PACKAGE_TARNAME "gnome2-globalmenu-applet"
| #define PACKAGE_VERSION "0.1"
| #define PACKAGE_STRING "gnome2-globalmenu-applet 0.1"
| #define PACKAGE_BUGREPORT ""
| #define PACKAGE "gnome2-globalmenu-applet"
| #define VERSION "0.1"
| /* end confdefs.h.  */
| #include <ac_nonexistent.h>
configure:5479: checking for grep that handles long lines and -e
configure:5553: result: /bin/grep
configure:5558: checking for egrep
configure:5636: result: /bin/grep -E
configure:5641: checking for ANSI C header files
configure:5671: gcc -c -g -O2  conftest.c >&5
configure:5677: $? = 0
configure:5776: gcc -o conftest -g -O2   conftest.c  >&5
configure:5779: $? = 0
configure:5785: ./conftest
configure:5788: $? = 0
configure:5805: result: yes
configure:5840: checking for sys/types.h
configure:5861: gcc -c -g -O2  conftest.c >&5
configure:5867: $? = 0
configure:5883: result: yes
configure:5840: checking for sys/stat.h
configure:5861: gcc -c -g -O2  conftest.c >&5
configure:5867: $? = 0
configure:5883: result: yes
configure:5840: checking for stdlib.h
configure:5861: gcc -c -g -O2  conftest.c >&5
configure:5867: $? = 0
configure:5883: result: yes
configure:5840: checking for string.h
configure:5861: gcc -c -g -O2  conftest.c >&5
configure:5867: $? = 0
configure:5883: result: yes
configure:5840: checking for memory.h
configure:5861: gcc -c -g -O2  conftest.c >&5
configure:5867: $? = 0
configure:5883: result: yes
configure:5840: checking for strings.h
configure:5861: gcc -c -g -O2  conftest.c >&5
configure:5867: $? = 0
configure:5883: result: yes
configure:5840: checking for inttypes.h
configure:5861: gcc -c -g -O2  conftest.c >&5
configure:5867: $? = 0
configure:5883: result: yes
configure:5840: checking for stdint.h
configure:5861: gcc -c -g -O2  conftest.c >&5
configure:5867: $? = 0
configure:5883: result: yes
configure:5840: checking for unistd.h
configure:5861: gcc -c -g -O2  conftest.c >&5
configure:5867: $? = 0
configure:5883: result: yes
configure:5901: checking build system type
configure:5919: result: i686-pc-linux-gnu
configure:5941: checking host system type
configure:5956: result: i686-pc-linux-gnu
configure:5994: checking locale.h usability
configure:6011: gcc -c -g -O2  conftest.c >&5
configure:6017: $? = 0
configure:6031: result: yes
configure:6035: checking locale.h presence
configure:6050: gcc -E  conftest.c
configure:6056: $? = 0
configure:6070: result: yes
configure:6098: checking for locale.h
configure:6106: result: yes
configure:6120: checking for LC_MESSAGES
configure:6146: gcc -o conftest -g -O2   conftest.c  >&5
configure:6152: $? = 0
configure:6169: result: yes
configure:6198: checking libintl.h usability
configure:6215: gcc -c -g -O2  conftest.c >&5
configure:6221: $? = 0
configure:6235: result: yes
configure:6239: checking libintl.h presence
configure:6254: gcc -E  conftest.c
configure:6260: $? = 0
configure:6274: result: yes
configure:6302: checking for libintl.h
configure:6309: result: yes
configure:6320: checking for ngettext in libc
configure:6348: gcc -o conftest -g -O2   conftest.c  >&5
configure:6354: $? = 0
configure:6372: result: yes
configure:6376: checking for dgettext in libc
configure:6404: gcc -o conftest -g -O2   conftest.c  >&5
configure:6410: $? = 0
configure:6428: result: yes
configure:6437: checking for bind_textdomain_codeset
configure:6493: gcc -o conftest -g -O2   conftest.c  >&5
configure:6499: $? = 0
configure:6517: result: yes
configure:7004: checking for msgfmt
configure:7031: result: /usr/bin/msgfmt
configure:7044: checking for dcgettext
configure:7100: gcc -o conftest -g -O2   conftest.c   >&5
conftest.c:48: warning: conflicting types for built-in function 'dcgettext'
configure:7106: $? = 0
configure:7124: result: yes
configure:7135: checking if msgfmt accepts -c
configure:7150: $MSGFMT -c -o /dev/null conftest.foo
configure:7153: $? = 0
configure:7155: result: yes
configure:7165: checking for gmsgfmt
configure:7196: result: /usr/bin/msgfmt
configure:7206: checking for xgettext
configure:7233: result: /usr/bin/xgettext
configure:7262: gcc -o conftest -g -O2   conftest.c   >&5
configure:7268: $? = 0
configure:7506: checking for intltool >= 0.35.0
configure:7513: result: 0.36.2 found
configure:7571: checking for perl
configure:7589: found /usr/bin/perl
configure:7601: result: /usr/bin/perl
configure:7620: checking for XML::Parser
configure:7623: result: ok
configure:7860: checking for a sed that does not truncate output
configure:7916: result: /bin/sed
configure:7930: checking for ld used by gcc
configure:7997: result: /usr/bin/ld
configure:8006: checking if the linker (/usr/bin/ld) is GNU ld
configure:8021: result: yes
configure:8026: checking for /usr/bin/ld option to reload object files
configure:8033: result: -r
configure:8051: checking for BSD-compatible nm
configure:8100: result: /usr/bin/nm -B
configure:8104: checking whether ln -s works
configure:8108: result: yes
configure:8115: checking how to recognize dependent libraries
configure:8301: result: pass_all
configure:8552: checking dlfcn.h usability
configure:8569: gcc -c -g -O2  conftest.c >&5
configure:8575: $? = 0
configure:8589: result: yes
configure:8593: checking dlfcn.h presence
configure:8608: gcc -E  conftest.c
configure:8614: $? = 0
configure:8628: result: yes
configure:8656: checking for dlfcn.h
configure:8664: result: yes
configure:8735: checking for g++
configure:8751: found /usr/lib/ccache/g++
configure:8762: result: g++
configure:8793: checking for C++ compiler version
configure:8800: g++ --version >&5
g++ (GCC) 4.1.2 20070925 (Red Hat 4.1.2-33)
Copyright (C) 2006 Free Software Foundation, Inc.
This is free software; see the source for copying conditions.  There is NO
warranty; not even for MERCHANTABILITY or FITNESS FOR A PARTICULAR PURPOSE.

configure:8803: $? = 0
configure:8810: g++ -v >&5
Using built-in specs.
Target: i386-redhat-linux
Configured with: ../configure --prefix=/usr --mandir=/usr/share/man --infodir=/usr/share/info --enable-shared --enable-threads=posix --enable-checking=release --with-system-zlib --enable-__cxa_atexit --disable-libunwind-exceptions --enable-languages=c,c++,objc,obj-c++,java,fortran,ada --enable-java-awt=gtk --disable-dssi --enable-plugin --with-java-home=/usr/lib/jvm/java-1.5.0-gcj-1.5.0.0/jre --enable-libgcj-multifile --enable-java-maintainer-mode --with-ecj-jar=/usr/share/java/eclipse-ecj.jar --with-cpu=generic --host=i386-redhat-linux
Thread model: posix
gcc version 4.1.2 20070925 (Red Hat 4.1.2-33)
configure:8813: $? = 0
configure:8820: g++ -V >&5
g++: '-V' option must have argument
configure:8823: $? = 1
configure:8826: checking whether we are using the GNU C++ compiler
configure:8855: g++ -c   conftest.cpp >&5
configure:8861: $? = 0
configure:8878: result: yes
configure:8883: checking whether g++ accepts -g
configure:8913: g++ -c -g  conftest.cpp >&5
configure:8919: $? = 0
configure:9018: result: yes
configure:9043: checking dependency style of g++
configure:9134: result: gcc3
configure:9159: checking how to run the C++ preprocessor
configure:9195: g++ -E  conftest.cpp
configure:9201: $? = 0
configure:9232: g++ -E  conftest.cpp
conftest.cpp:28:28: error: ac_nonexistent.h: No such file or directory
configure:9238: $? = 1
configure: failed program was:
| /* confdefs.h.  */
| #define PACKAGE_NAME "gnome2-globalmenu-applet"
| #define PACKAGE_TARNAME "gnome2-globalmenu-applet"
| #define PACKAGE_VERSION "0.1"
| #define PACKAGE_STRING "gnome2-globalmenu-applet 0.1"
| #define PACKAGE_BUGREPORT ""
| #define PACKAGE "gnome2-globalmenu-applet"
| #define VERSION "0.1"
| #define STDC_HEADERS 1
| #define GETTEXT_PACKAGE "gnome2-globalmenu-applet"
| #define HAVE_SYS_TYPES_H 1
| #define HAVE_SYS_STAT_H 1
| #define HAVE_STDLIB_H 1
| #define HAVE_STRING_H 1
| #define HAVE_MEMORY_H 1
| #define HAVE_STRINGS_H 1
| #define HAVE_INTTYPES_H 1
| #define HAVE_STDINT_H 1
| #define HAVE_UNISTD_H 1
| #define HAVE_LOCALE_H 1
| #define HAVE_LC_MESSAGES 1
| #define HAVE_BIND_TEXTDOMAIN_CODESET 1
| #define HAVE_GETTEXT 1
| #define HAVE_DCGETTEXT 1
| #define ENABLE_NLS 1
| #define HAVE_DLFCN_H 1
| /* end confdefs.h.  */
| #include <ac_nonexistent.h>
configure:9271: result: g++ -E
configure:9300: g++ -E  conftest.cpp
configure:9306: $? = 0
configure:9337: g++ -E  conftest.cpp
conftest.cpp:28:28: error: ac_nonexistent.h: No such file or directory
configure:9343: $? = 1
configure: failed program was:
| /* confdefs.h.  */
| #define PACKAGE_NAME "gnome2-globalmenu-applet"
| #define PACKAGE_TARNAME "gnome2-globalmenu-applet"
| #define PACKAGE_VERSION "0.1"
| #define PACKAGE_STRING "gnome2-globalmenu-applet 0.1"
| #define PACKAGE_BUGREPORT ""
| #define PACKAGE "gnome2-globalmenu-applet"
| #define VERSION "0.1"
| #define STDC_HEADERS 1
| #define GETTEXT_PACKAGE "gnome2-globalmenu-applet"
| #define HAVE_SYS_TYPES_H 1
| #define HAVE_SYS_STAT_H 1
| #define HAVE_STDLIB_H 1
| #define HAVE_STRING_H 1
| #define HAVE_MEMORY_H 1
| #define HAVE_STRINGS_H 1
| #define HAVE_INTTYPES_H 1
| #define HAVE_STDINT_H 1
| #define HAVE_UNISTD_H 1
| #define HAVE_LOCALE_H 1
| #define HAVE_LC_MESSAGES 1
| #define HAVE_BIND_TEXTDOMAIN_CODESET 1
| #define HAVE_GETTEXT 1
| #define HAVE_DCGETTEXT 1
| #define ENABLE_NLS 1
| #define HAVE_DLFCN_H 1
| /* end confdefs.h.  */
| #include <ac_nonexistent.h>
configure:9436: checking for g77
configure:9466: result: no
configure:9436: checking for xlf
configure:9466: result: no
configure:9436: checking for f77
configure:9466: result: no
configure:9436: checking for frt
configure:9466: result: no
configure:9436: checking for pgf77
configure:9466: result: no
configure:9436: checking for cf77
configure:9466: result: no
configure:9436: checking for fort77
configure:9466: result: no
configure:9436: checking for fl32
configure:9466: result: no
configure:9436: checking for af77
configure:9466: result: no
configure:9436: checking for xlf90
configure:9466: result: no
configure:9436: checking for f90
configure:9466: result: no
configure:9436: checking for pgf90
configure:9466: result: no
configure:9436: checking for pghpf
configure:9466: result: no
configure:9436: checking for epcf90
configure:9466: result: no
configure:9436: checking for gfortran
configure:9452: found /usr/bin/gfortran
configure:9463: result: gfortran
configure:9493: checking for Fortran 77 compiler version
configure:9500: gfortran --version >&5
GNU Fortran (GCC) 4.1.2 20070925 (Red Hat 4.1.2-33)
Copyright (C) 2007 Free Software Foundation, Inc.

GNU Fortran comes with NO WARRANTY, to the extent permitted by law.
You may redistribute copies of GNU Fortran
under the terms of the GNU General Public License.
For more information about these matters, see the file named COPYING

configure:9503: $? = 0
configure:9510: gfortran -v >&5
Using built-in specs.
Target: i386-redhat-linux
Configured with: ../configure --prefix=/usr --mandir=/usr/share/man --infodir=/usr/share/info --enable-shared --enable-threads=posix --enable-checking=release --with-system-zlib --enable-__cxa_atexit --disable-libunwind-exceptions --enable-languages=c,c++,objc,obj-c++,java,fortran,ada --enable-java-awt=gtk --disable-dssi --enable-plugin --with-java-home=/usr/lib/jvm/java-1.5.0-gcj-1.5.0.0/jre --enable-libgcj-multifile --enable-java-maintainer-mode --with-ecj-jar=/usr/share/java/eclipse-ecj.jar --with-cpu=generic --host=i386-redhat-linux
Thread model: posix
gcc version 4.1.2 20070925 (Red Hat 4.1.2-33)
configure:9513: $? = 0
configure:9520: gfortran -V >&5
gfortran: '-V' option must have argument
configure:9523: $? = 1
configure:9531: checking whether we are using the GNU Fortran 77 compiler
configure:9550: gfortran -c  conftest.F >&5
configure:9556: $? = 0
configure:9573: result: yes
configure:9579: checking whether gfortran accepts -g
configure:9596: gfortran -c -g conftest.f >&5
configure:9602: $? = 0
configure:9618: result: yes
configure:9648: checking the maximum length of command line arguments
configure:9760: result: 98304
configure:9772: checking command to parse /usr/bin/nm -B output from gcc object
configure:9877: gcc -c -g -O2  conftest.c >&5
configure:9880: $? = 0
configure:9884: /usr/bin/nm -B conftest.o \| sed -n -e 's/^.*[ 	]\([ABCDGIRSTW][ABCDGIRSTW]*\)[ 	][ 	]*\([_A-Za-z][_A-Za-z0-9]*\)$/\1 \2 \2/p' \> conftest.nm
configure:9887: $? = 0
configure:9939: gcc -o conftest -g -O2   conftest.c conftstm.o >&5
configure:9942: $? = 0
configure:9980: result: ok
configure:9984: checking for objdir
configure:9999: result: .libs
configure:10091: checking for ar
configure:10107: found /usr/bin/ar
configure:10118: result: ar
configure:10187: checking for ranlib
configure:10203: found /usr/bin/ranlib
configure:10214: result: ranlib
configure:10283: checking for strip
configure:10299: found /usr/bin/strip
configure:10310: result: strip
configure:10596: checking if gcc supports -fno-rtti -fno-exceptions
configure:10614: gcc -c -g -O2  -fno-rtti -fno-exceptions conftest.c >&5
cc1: warning: command line option "-fno-rtti" is valid for C++/ObjC++ but not for C
cc1: warning: command line option "-fno-rtti" is valid for C++/ObjC++ but not for C
configure:10618: $? = 0
configure:10631: result: no
configure:10646: checking for gcc option to produce PIC
configure:10878: result: -fPIC
configure:10886: checking if gcc PIC flag -fPIC works
configure:10904: gcc -c -g -O2  -fPIC -DPIC conftest.c >&5
configure:10908: $? = 0
configure:10921: result: yes
configure:10949: checking if gcc static flag -static works
configure:10977: result: yes
configure:10987: checking if gcc supports -c -o file.o
configure:11008: gcc -c -g -O2  -o out/conftest2.o conftest.c >&5
configure:11012: $? = 0
configure:11034: result: yes
configure:11060: checking whether the gcc linker (/usr/bin/ld) supports shared libraries
configure:12040: result: yes
configure:12061: checking whether -lc should be explicitly linked in
configure:12066: gcc -c -g -O2  conftest.c >&5
configure:12069: $? = 0
configure:12084: gcc -shared conftest.o  -v -Wl,-soname -Wl,conftest -o conftest 2\>\&1 \| grep  -lc  \>/dev/null 2\>\&1
configure:12087: $? = 0
configure:12099: result: no
configure:12107: checking dynamic linker characteristics
configure:12711: result: GNU/Linux ld.so
configure:12720: checking how to hardcode library paths into programs
configure:12745: result: immediate
configure:12759: checking whether stripping libraries is possible
configure:12764: result: yes
configure:13566: checking if libtool supports shared libraries
configure:13568: result: yes
configure:13571: checking whether to build shared libraries
configure:13592: result: yes
configure:13595: checking whether to build static libraries
configure:13599: result: yes
configure:13692: creating libtool
configure:14280: checking for ld used by g++
configure:14347: result: /usr/bin/ld
configure:14356: checking if the linker (/usr/bin/ld) is GNU ld
configure:14371: result: yes
configure:14422: checking whether the g++ linker (/usr/bin/ld) supports shared libraries
configure:15396: result: yes
configure:15414: g++ -c -g -O2  conftest.cpp >&5
configure:15417: $? = 0
configure:15569: checking for g++ option to produce PIC
configure:15853: result: -fPIC
configure:15861: checking if g++ PIC flag -fPIC works
configure:15879: g++ -c -g -O2  -fPIC -DPIC conftest.cpp >&5
configure:15883: $? = 0
configure:15896: result: yes
configure:15924: checking if g++ static flag -static works
configure:15952: result: yes
configure:15962: checking if g++ supports -c -o file.o
configure:15983: g++ -c -g -O2  -o out/conftest2.o conftest.cpp >&5
configure:15987: $? = 0
configure:16009: result: yes
configure:16035: checking whether the g++ linker (/usr/bin/ld) supports shared libraries
configure:16060: result: yes
configure:16127: checking dynamic linker characteristics
configure:16679: result: GNU/Linux ld.so
configure:16688: checking how to hardcode library paths into programs
configure:16713: result: immediate
configure:17247: checking if libtool supports shared libraries
configure:17249: result: yes
configure:17252: checking whether to build shared libraries
configure:17272: result: yes
configure:17275: checking whether to build static libraries
configure:17279: result: yes
configure:17289: checking for gfortran option to produce PIC
configure:17521: result: -fPIC
configure:17529: checking if gfortran PIC flag -fPIC works
configure:17547: gfortran -c -g -O2 -fPIC conftest.f >&5
configure:17551: $? = 0
configure:17564: result: yes
configure:17592: checking if gfortran static flag -static works
configure:17620: result: yes
configure:17630: checking if gfortran supports -c -o file.o
configure:17651: gfortran -c -g -O2 -o out/conftest2.o conftest.f >&5
configure:17655: $? = 0
configure:17677: result: yes
configure:17703: checking whether the gfortran linker (/usr/bin/ld) supports shared libraries
configure:18663: result: yes
configure:18730: checking dynamic linker characteristics
configure:19282: result: GNU/Linux ld.so
configure:19291: checking how to hardcode library paths into programs
configure:19316: result: immediate
configure:22940: checking for pkg-config
configure:22958: found /usr/bin/pkg-config
configure:22970: result: /usr/bin/pkg-config
configure:22999: checking pkg-config is at least version 0.9.0
configure:23002: result: yes
configure:23013: checking for GNOME2_GLOBALMENU_APPLET
configure:23021: $PKG_CONFIG --exists --print-errors "gtk+-2.0 >= 2.8 libwnck-1.0 libpanelapplet-2.0 gdk-2.0"
configure:23024: $? = 0
configure:23039: $PKG_CONFIG --exists --print-errors "gtk+-2.0 >= 2.8 libwnck-1.0 libpanelapplet-2.0 gdk-2.0"
configure:23042: $? = 0
configure:23118: result: yes
configure:23130: checking for TEST_CLIENT
configure:23138: $PKG_CONFIG --exists --print-errors "gtk+-2.0 libglade-2.0 "
configure:23141: $? = 0
configure:23156: $PKG_CONFIG --exists --print-errors "gtk+-2.0 libglade-2.0 "
configure:23159: $? = 0
configure:23235: result: yes
configure:23390: creating ./config.status

## ---------------- ##
## Cache variables. ##
## ---------------- ##

ac_cv_build=i686-pc-linux-gnu
ac_cv_c_compiler_gnu=yes
ac_cv_cxx_compiler_gnu=yes
ac_cv_env_CCC_set=
ac_cv_env_CCC_value=
ac_cv_env_CC_set=
ac_cv_env_CC_value=
ac_cv_env_CFLAGS_set=
ac_cv_env_CFLAGS_value=
ac_cv_env_CPPFLAGS_set=
ac_cv_env_CPPFLAGS_value=
ac_cv_env_CPP_set=
ac_cv_env_CPP_value=
ac_cv_env_CXXCPP_set=
ac_cv_env_CXXCPP_value=
ac_cv_env_CXXFLAGS_set=
ac_cv_env_CXXFLAGS_value=
ac_cv_env_CXX_set=
ac_cv_env_CXX_value=
ac_cv_env_F77_set=
ac_cv_env_F77_value=
ac_cv_env_FFLAGS_set=
ac_cv_env_FFLAGS_value=
ac_cv_env_GNOME2_GLOBALMENU_APPLET_CFLAGS_set=
ac_cv_env_GNOME2_GLOBALMENU_APPLET_CFLAGS_value=
ac_cv_env_GNOME2_GLOBALMENU_APPLET_LIBS_set=
ac_cv_env_GNOME2_GLOBALMENU_APPLET_LIBS_value=
ac_cv_env_LDFLAGS_set=
ac_cv_env_LDFLAGS_value=
ac_cv_env_LIBS_set=
ac_cv_env_LIBS_value=
ac_cv_env_PKG_CONFIG_set=
ac_cv_env_PKG_CONFIG_value=
ac_cv_env_TEST_CLIENT_CFLAGS_set=
ac_cv_env_TEST_CLIENT_CFLAGS_value=
ac_cv_env_TEST_CLIENT_LIBS_set=
ac_cv_env_TEST_CLIENT_LIBS_value=
ac_cv_env_build_alias_set=
ac_cv_env_build_alias_value=
ac_cv_env_host_alias_set=
ac_cv_env_host_alias_value=
ac_cv_env_target_alias_set=
ac_cv_env_target_alias_value=
ac_cv_f77_compiler_gnu=yes
ac_cv_func_bind_textdomain_codeset=yes
ac_cv_func_dcgettext=yes
ac_cv_header_dlfcn_h=yes
ac_cv_header_inttypes_h=yes
ac_cv_header_libintl_h=yes
ac_cv_header_locale_h=yes
ac_cv_header_memory_h=yes
ac_cv_header_stdc=yes
ac_cv_header_stdint_h=yes
ac_cv_header_stdlib_h=yes
ac_cv_header_string_h=yes
ac_cv_header_strings_h=yes
ac_cv_header_sys_stat_h=yes
ac_cv_header_sys_types_h=yes
ac_cv_header_unistd_h=yes
ac_cv_host=i686-pc-linux-gnu
ac_cv_objext=o
ac_cv_path_EGREP='/bin/grep -E'
ac_cv_path_GMSGFMT=/usr/bin/msgfmt
ac_cv_path_GREP=/bin/grep
ac_cv_path_INTLTOOL_PERL=/usr/bin/perl
ac_cv_path_MSGFMT=/usr/bin/msgfmt
ac_cv_path_XGETTEXT=/usr/bin/xgettext
ac_cv_path_ac_pt_PKG_CONFIG=/usr/bin/pkg-config
ac_cv_path_install='/usr/bin/install -c'
ac_cv_path_mkdir=/bin/mkdir
ac_cv_prog_AWK=gawk
ac_cv_prog_CPP='gcc -E'
ac_cv_prog_CXXCPP='g++ -E'
ac_cv_prog_ac_ct_AR=ar
ac_cv_prog_ac_ct_CC=gcc
ac_cv_prog_ac_ct_CXX=g++
ac_cv_prog_ac_ct_F77=gfortran
ac_cv_prog_ac_ct_RANLIB=ranlib
ac_cv_prog_ac_ct_STRIP=strip
ac_cv_prog_cc_c89=
ac_cv_prog_cc_g=yes
ac_cv_prog_cxx_g=yes
ac_cv_prog_f77_g=yes
ac_cv_prog_make_make_set=yes
ac_cv_search_strerror='none required'
am_cv_CC_dependencies_compiler_type=gcc3
am_cv_CXX_dependencies_compiler_type=gcc3
am_cv_prog_cc_stdc=
am_cv_val_LC_MESSAGES=yes
gt_cv_func_dgettext_libc=yes
gt_cv_func_dgettext_libintl=no
gt_cv_func_ngettext_libc=yes
gt_cv_have_gettext=yes
lt_cv_deplibs_check_method=pass_all
lt_cv_file_magic_cmd='$MAGIC_CMD'
lt_cv_file_magic_test_file=
lt_cv_ld_reload_flag=-r
lt_cv_objdir=.libs
lt_cv_path_LD=/usr/bin/ld
lt_cv_path_LDCXX=/usr/bin/ld
lt_cv_path_NM='/usr/bin/nm -B'
lt_cv_path_SED=/bin/sed
lt_cv_prog_compiler_c_o=yes
lt_cv_prog_compiler_c_o_CXX=yes
lt_cv_prog_compiler_c_o_F77=yes
lt_cv_prog_compiler_rtti_exceptions=no
lt_cv_prog_gnu_ld=yes
lt_cv_prog_gnu_ldcxx=yes
lt_cv_sys_global_symbol_pipe='sed -n -e '\''s/^.*[ 	]\([ABCDGIRSTW][ABCDGIRSTW]*\)[ 	][ 	]*\([_A-Za-z][_A-Za-z0-9]*\)$/\1 \2 \2/p'\'''
lt_cv_sys_global_symbol_to_c_name_address='sed -n -e '\''s/^: \([^ ]*\) $/  {\"\1\", (lt_ptr) 0},/p'\'' -e '\''s/^[BCDEGRST] \([^ ]*\) \([^ ]*\)$/  {"\2", (lt_ptr) \&\2},/p'\'''
lt_cv_sys_global_symbol_to_cdecl='sed -n -e '\''s/^. .* \(.*\)$/extern int \1;/p'\'''
lt_cv_sys_max_cmd_len=98304
lt_lt_cv_prog_compiler_c_o='"yes"'
lt_lt_cv_prog_compiler_c_o_CXX='"yes"'
lt_lt_cv_prog_compiler_c_o_F77='"yes"'
lt_lt_cv_sys_global_symbol_pipe='"sed -n -e '\''s/^.*[ 	]\\([ABCDGIRSTW][ABCDGIRSTW]*\\)[ 	][ 	]*\\([_A-Za-z][_A-Za-z0-9]*\\)\$/\\1 \\2 \\2/p'\''"'
lt_lt_cv_sys_global_symbol_to_c_name_address='"sed -n -e '\''s/^: \\([^ ]*\\) \$/  {\\\"\\1\\\", (lt_ptr) 0},/p'\'' -e '\''s/^[BCDEGRST] \\([^ ]*\\) \\([^ ]*\\)\$/  {\"\\2\", (lt_ptr) \\&\\2},/p'\''"'
lt_lt_cv_sys_global_symbol_to_cdecl='"sed -n -e '\''s/^. .* \\(.*\\)\$/extern int \\1;/p'\''"'
pkg_cv_GNOME2_GLOBALMENU_APPLET_CFLAGS='-DORBIT2=1 -pthread -I/usr/include/gtk-2.0 -I/usr/lib/gtk-2.0/include -I/usr/include/atk-1.0 -I/usr/include/cairo -I/usr/include/pango-1.0 -I/usr/include/glib-2.0 -I/usr/lib/glib-2.0/include -I/usr/include/libwnck-1.0 -I/usr/include/startup-notification-1.0 -I/usr/include/panel-2.0 -I/usr/include/libgnomeui-2.0 -I/usr/include/libbonoboui-2.0 -I/usr/include/libgnome-2.0 -I/usr/include/libgnomecanvas-2.0 -I/usr/include/gnome-vfs-2.0 -I/usr/lib/gnome-vfs-2.0/include -I/usr/include/libbonobo-2.0 -I/usr/include/orbit-2.0 -I/usr/include/bonobo-activation-2.0 -I/usr/include/libart-2.0 -I/usr/include/gconf/2  '
pkg_cv_GNOME2_GLOBALMENU_APPLET_LIBS='-pthread -lwnck-1 -lstartup-notification-1 -lpanel-applet-2 -lgnomeui-2 -lSM -lICE -lbonoboui-2 -lgnomevfs-2 -lgconf-2 -lgnomecanvas-2 -lgnome-2 -lpopt -lart_lgpl_2 -lgtk-x11-2.0 -latk-1.0 -lbonobo-2 -lbonobo-activation -lORBit-2 -lgthread-2.0 -lrt -lgdk-x11-2.0 -lgdk_pixbuf-2.0 -lpangocairo-1.0 -lpango-1.0 -lcairo -lgobject-2.0 -lgmodule-2.0 -ldl -lglib-2.0  '
pkg_cv_TEST_CLIENT_CFLAGS='-I/usr/include/gtk-2.0 -I/usr/lib/gtk-2.0/include -I/usr/include/atk-1.0 -I/usr/include/cairo -I/usr/include/pango-1.0 -I/usr/include/glib-2.0 -I/usr/lib/glib-2.0/include -I/usr/include/libglade-2.0 -I/usr/include/libxml2  '
pkg_cv_TEST_CLIENT_LIBS='-lglade-2.0 -lgtk-x11-2.0 -lxml2 -lgdk-x11-2.0 -latk-1.0 -lgdk_pixbuf-2.0 -lpangocairo-1.0 -lpango-1.0 -lcairo -lgobject-2.0 -lgmodule-2.0 -ldl -lglib-2.0  '

## ----------------- ##
## Output variables. ##
## ----------------- ##

ACLOCAL='${SHELL} /home/rainwoodman/Projects/gnome2-globalmenu/gnome2-globalmenu-applet/missing --run aclocal-1.10'
ALL_LINGUAS=''
AMDEPBACKSLASH='\'
AMDEP_FALSE='#'
AMDEP_TRUE=''
AMTAR='${SHELL} /home/rainwoodman/Projects/gnome2-globalmenu/gnome2-globalmenu-applet/missing --run tar'
AR='ar'
AUTOCONF='${SHELL} /home/rainwoodman/Projects/gnome2-globalmenu/gnome2-globalmenu-applet/missing --run autoconf'
AUTOHEADER='${SHELL} /home/rainwoodman/Projects/gnome2-globalmenu/gnome2-globalmenu-applet/missing --run autoheader'
AUTOMAKE='${SHELL} /home/rainwoodman/Projects/gnome2-globalmenu/gnome2-globalmenu-applet/missing --run automake-1.10'
AWK='gawk'
CATALOGS=''
CATOBJEXT='.gmo'
CC='gcc'
CCDEPMODE='depmode=gcc3'
CFLAGS='-g -O2'
CPP='gcc -E'
CPPFLAGS=''
CXX='g++'
CXXCPP='g++ -E'
CXXDEPMODE='depmode=gcc3'
CXXFLAGS='-g -O2'
CYGPATH_W='echo'
DATADIRNAME='share'
DEFS='-DHAVE_CONFIG_H'
DEPDIR='.deps'
ECHO='echo'
ECHO_C=''
ECHO_N='-n'
ECHO_T=''
EGREP='/bin/grep -E'
EXEEXT=''
F77='gfortran'
FFLAGS='-g -O2'
GETTEXT_PACKAGE='gnome2-globalmenu-applet'
GMOFILES=''
GMSGFMT='/usr/bin/msgfmt'
GNOME2_GLOBALMENU_APPLET_CFLAGS='-DORBIT2=1 -pthread -I/usr/include/gtk-2.0 -I/usr/lib/gtk-2.0/include -I/usr/include/atk-1.0 -I/usr/include/cairo -I/usr/include/pango-1.0 -I/usr/include/glib-2.0 -I/usr/lib/glib-2.0/include -I/usr/include/libwnck-1.0 -I/usr/include/startup-notification-1.0 -I/usr/include/panel-2.0 -I/usr/include/libgnomeui-2.0 -I/usr/include/libbonoboui-2.0 -I/usr/include/libgnome-2.0 -I/usr/include/libgnomecanvas-2.0 -I/usr/include/gnome-vfs-2.0 -I/usr/lib/gnome-vfs-2.0/include -I/usr/include/libbonobo-2.0 -I/usr/include/orbit-2.0 -I/usr/include/bonobo-activation-2.0 -I/usr/include/libart-2.0 -I/usr/include/gconf/2  '
GNOME2_GLOBALMENU_APPLET_LIBS='-pthread -lwnck-1 -lstartup-notification-1 -lpanel-applet-2 -lgnomeui-2 -lSM -lICE -lbonoboui-2 -lgnomevfs-2 -lgconf-2 -lgnomecanvas-2 -lgnome-2 -lpopt -lart_lgpl_2 -lgtk-x11-2.0 -latk-1.0 -lbonobo-2 -lbonobo-activation -lORBit-2 -lgthread-2.0 -lrt -lgdk-x11-2.0 -lgdk_pixbuf-2.0 -lpangocairo-1.0 -lpango-1.0 -lcairo -lgobject-2.0 -lgmodule-2.0 -ldl -lglib-2.0  '
GREP='/bin/grep'
INSTALL_DATA='${INSTALL} -m 644'
INSTALL_PROGRAM='${INSTALL}'
INSTALL_SCRIPT='${INSTALL}'
INSTALL_STRIP_PROGRAM='$(install_sh) -c -s'
INSTOBJEXT='.mo'
INTLLIBS=''
INTLTOOL_CAVES_RULE='%.caves:     %.caves.in     $(INTLTOOL_MERGE) $(wildcard $(top_srcdir)/po/*.po) ; LC_ALL=C $(INTLTOOL_MERGE) -d -u -c $(top_builddir)/po/.intltool-merge-cache $(top_srcdir)/po $< $@'
INTLTOOL_DESKTOP_RULE='%.desktop:   %.desktop.in   $(INTLTOOL_MERGE) $(wildcard $(top_srcdir)/po/*.po) ; LC_ALL=C $(INTLTOOL_MERGE) -d -u -c $(top_builddir)/po/.intltool-merge-cache $(top_srcdir)/po $< $@'
INTLTOOL_DIRECTORY_RULE='%.directory: %.directory.in $(INTLTOOL_MERGE) $(wildcard $(top_srcdir)/po/*.po) ; LC_ALL=C $(INTLTOOL_MERGE) -d -u -c $(top_builddir)/po/.intltool-merge-cache $(top_srcdir)/po $< $@'
INTLTOOL_EXTRACT='$(top_builddir)/intltool-extract'
INTLTOOL_KBD_RULE='%.kbd:       %.kbd.in       $(INTLTOOL_MERGE) $(wildcard $(top_srcdir)/po/*.po) ; LC_ALL=C $(INTLTOOL_MERGE) -x -u -m -c $(top_builddir)/po/.intltool-merge-cache $(top_srcdir)/po $< $@'
INTLTOOL_KEYS_RULE='%.keys:      %.keys.in      $(INTLTOOL_MERGE) $(wildcard $(top_srcdir)/po/*.po) ; LC_ALL=C $(INTLTOOL_MERGE) -k -u -c $(top_builddir)/po/.intltool-merge-cache $(top_srcdir)/po $< $@'
INTLTOOL_MERGE='$(top_builddir)/intltool-merge'
INTLTOOL_OAF_RULE='%.oaf:       %.oaf.in       $(INTLTOOL_MERGE) $(wildcard $(top_srcdir)/po/*.po) ; LC_ALL=C $(INTLTOOL_MERGE) -o -p $(top_srcdir)/po $< $@'
INTLTOOL_PERL='/usr/bin/perl'
INTLTOOL_POLICY_RULE='%.policy:    %.policy.in    $(INTLTOOL_MERGE) $(wildcard $(top_srcdir)/po/*.po) ; LC_ALL=C $(INTLTOOL_MERGE) -x -u -c $(top_builddir)/po/.intltool-merge-cache $(top_srcdir)/po $< $@'
INTLTOOL_PONG_RULE='%.pong:      %.pong.in      $(INTLTOOL_MERGE) $(wildcard $(top_srcdir)/po/*.po) ; LC_ALL=C $(INTLTOOL_MERGE) -x -u -c $(top_builddir)/po/.intltool-merge-cache $(top_srcdir)/po $< $@'
INTLTOOL_PROP_RULE='%.prop:      %.prop.in      $(INTLTOOL_MERGE) $(wildcard $(top_srcdir)/po/*.po) ; LC_ALL=C $(INTLTOOL_MERGE) -d -u -c $(top_builddir)/po/.intltool-merge-cache $(top_srcdir)/po $< $@'
INTLTOOL_SCHEMAS_RULE='%.schemas:   %.schemas.in   $(INTLTOOL_MERGE) $(wildcard $(top_srcdir)/po/*.po) ; LC_ALL=C $(INTLTOOL_MERGE) -s -u -c $(top_builddir)/po/.intltool-merge-cache $(top_srcdir)/po $< $@'
INTLTOOL_SERVER_RULE='%.server:    %.server.in    $(INTLTOOL_MERGE) $(wildcard $(top_srcdir)/po/*.po) ; LC_ALL=C $(INTLTOOL_MERGE) -o -u -c $(top_builddir)/po/.intltool-merge-cache $(top_srcdir)/po $< $@'
INTLTOOL_SERVICE_RULE='%.service: %.service.in   $(INTLTOOL_MERGE) $(wildcard $(top_srcdir)/po/*.po) ; LC_ALL=C $(INTLTOOL_MERGE) -d -u -c $(top_builddir)/po/.intltool-merge-cache $(top_srcdir)/po $< $@'
INTLTOOL_SHEET_RULE='%.sheet:     %.sheet.in     $(INTLTOOL_MERGE) $(wildcard $(top_srcdir)/po/*.po) ; LC_ALL=C $(INTLTOOL_MERGE) -x -u -c $(top_builddir)/po/.intltool-merge-cache $(top_srcdir)/po $< $@'
INTLTOOL_SOUNDLIST_RULE='%.soundlist: %.soundlist.in $(INTLTOOL_MERGE) $(wildcard $(top_srcdir)/po/*.po) ; LC_ALL=C $(INTLTOOL_MERGE) -d -u -c $(top_builddir)/po/.intltool-merge-cache $(top_srcdir)/po $< $@'
INTLTOOL_THEME_RULE='%.theme:     %.theme.in     $(INTLTOOL_MERGE) $(wildcard $(top_srcdir)/po/*.po) ; LC_ALL=C $(INTLTOOL_MERGE) -d -u -c $(top_builddir)/po/.intltool-merge-cache $(top_srcdir)/po $< $@'
INTLTOOL_UI_RULE='%.ui:        %.ui.in        $(INTLTOOL_MERGE) $(wildcard $(top_srcdir)/po/*.po) ; LC_ALL=C $(INTLTOOL_MERGE) -x -u -c $(top_builddir)/po/.intltool-merge-cache $(top_srcdir)/po $< $@'
INTLTOOL_UPDATE='$(top_builddir)/intltool-update'
INTLTOOL_XAM_RULE='%.xam:       %.xml.in       $(INTLTOOL_MERGE) $(wildcard $(top_srcdir)/po/*.po) ; LC_ALL=C $(INTLTOOL_MERGE) -x -u -c $(top_builddir)/po/.intltool-merge-cache $(top_srcdir)/po $< $@'
INTLTOOL_XML_NOMERGE_RULE='%.xml:       %.xml.in       $(INTLTOOL_MERGE) ; LC_ALL=C $(INTLTOOL_MERGE) -x -u /tmp $< $@'
INTLTOOL_XML_RULE='%.xml:       %.xml.in       $(INTLTOOL_MERGE) $(wildcard $(top_srcdir)/po/*.po) ; LC_ALL=C $(INTLTOOL_MERGE) -x -u -c $(top_builddir)/po/.intltool-merge-cache $(top_srcdir)/po $< $@'
LDFLAGS=''
LIBOBJS=''
LIBS=''
LIBTOOL='$(SHELL) $(top_builddir)/libtool'
LN_S='ln -s'
LTLIBOBJS=''
MAINT=''
MAINTAINER_MODE_FALSE='#'
MAINTAINER_MODE_TRUE=''
MAKEINFO='${SHELL} /home/rainwoodman/Projects/gnome2-globalmenu/gnome2-globalmenu-applet/missing --run makeinfo'
MKINSTALLDIRS='./mkinstalldirs'
MSGFMT='/usr/bin/msgfmt'
MSGFMT_OPTS='-c'
OBJEXT='o'
PACKAGE='gnome2-globalmenu-applet'
PACKAGE_BUGREPORT=''
PACKAGE_NAME='gnome2-globalmenu-applet'
PACKAGE_STRING='gnome2-globalmenu-applet 0.1'
PACKAGE_TARNAME='gnome2-globalmenu-applet'
PACKAGE_VERSION='0.1'
PATH_SEPARATOR=':'
PKG_CONFIG='/usr/bin/pkg-config'
POFILES=''
POSUB='po'
PO_IN_DATADIR_FALSE=''
PO_IN_DATADIR_TRUE=''
RANLIB='ranlib'
SED='/bin/sed'
SET_MAKE=''
SHELL='/bin/sh'
STRIP='strip'
TEST_CLIENT_CFLAGS='-I/usr/include/gtk-2.0 -I/usr/lib/gtk-2.0/include -I/usr/include/atk-1.0 -I/usr/include/cairo -I/usr/include/pango-1.0 -I/usr/include/glib-2.0 -I/usr/lib/glib-2.0/include -I/usr/include/libglade-2.0 -I/usr/include/libxml2  '
TEST_CLIENT_LIBS='-lglade-2.0 -lgtk-x11-2.0 -lxml2 -lgdk-x11-2.0 -latk-1.0 -lgdk_pixbuf-2.0 -lpangocairo-1.0 -lpango-1.0 -lcairo -lgobject-2.0 -lgmodule-2.0 -ldl -lglib-2.0  '
USE_NLS='yes'
VERSION='0.1'
XGETTEXT='/usr/bin/xgettext'
ac_ct_CC='gcc'
ac_ct_CXX='g++'
ac_ct_F77='gfortran'
am__fastdepCC_FALSE='#'
am__fastdepCC_TRUE=''
am__fastdepCXX_FALSE='#'
am__fastdepCXX_TRUE=''
am__include='include'
am__isrc=''
am__leading_dot='.'
am__quote=''
am__tar='${AMTAR} chof - "$$tardir"'
am__untar='${AMTAR} xf -'
bindir='${exec_prefix}/bin'
build='i686-pc-linux-gnu'
build_alias=''
build_cpu='i686'
build_os='linux-gnu'
build_vendor='pc'
datadir='${datarootdir}'
datarootdir='${prefix}/share'
docdir='${datarootdir}/doc/${PACKAGE_TARNAME}'
dvidir='${docdir}'
exec_prefix='${prefix}'
host='i686-pc-linux-gnu'
host_alias=''
host_cpu='i686'
host_os='linux-gnu'
host_vendor='pc'
htmldir='${docdir}'
includedir='${prefix}/include'
infodir='${datarootdir}/info'
install_sh='$(SHELL) /home/rainwoodman/Projects/gnome2-globalmenu/gnome2-globalmenu-applet/install-sh'
libdir='${exec_prefix}/lib'
libexecdir='${exec_prefix}/libexec'
localedir='${datarootdir}/locale'
localstatedir='${prefix}/var'
mandir='${datarootdir}/man'
mkdir_p='/bin/mkdir -p'
oldincludedir='/usr/include'
pdfdir='${docdir}'
prefix='/usr/local'
program_transform_name='s,x,x,'
psdir='${docdir}'
sbindir='${exec_prefix}/sbin'
sharedstatedir='${prefix}/com'
sysconfdir='${prefix}/etc'
target_alias=''

## ----------- ##
## confdefs.h. ##
## ----------- ##

#define PACKAGE_NAME "gnome2-globalmenu-applet"
#define PACKAGE_TARNAME "gnome2-globalmenu-applet"
#define PACKAGE_VERSION "0.1"
#define PACKAGE_STRING "gnome2-globalmenu-applet 0.1"
#define PACKAGE_BUGREPORT ""
#define PACKAGE "gnome2-globalmenu-applet"
#define VERSION "0.1"
#define STDC_HEADERS 1
#define GETTEXT_PACKAGE "gnome2-globalmenu-applet"
#define HAVE_SYS_TYPES_H 1
#define HAVE_SYS_STAT_H 1
#define HAVE_STDLIB_H 1
#define HAVE_STRING_H 1
#define HAVE_MEMORY_H 1
#define HAVE_STRINGS_H 1
#define HAVE_INTTYPES_H 1
#define HAVE_STDINT_H 1
#define HAVE_UNISTD_H 1
#define HAVE_LOCALE_H 1
#define HAVE_LC_MESSAGES 1
#define HAVE_BIND_TEXTDOMAIN_CODESET 1
#define HAVE_GETTEXT 1
#define HAVE_DCGETTEXT 1
#define ENABLE_NLS 1
#define HAVE_DLFCN_H 1

configure: exit 0

## ---------------------- ##
## Running config.status. ##
## ---------------------- ##

This file was extended by gnome2-globalmenu-applet config.status 0.1, which was
generated by GNU Autoconf 2.61.  Invocation command line was

  CONFIG_FILES    = 
  CONFIG_HEADERS  = 
  CONFIG_LINKS    = 
  CONFIG_COMMANDS = 
  $ ./config.status 

on localhost.localdomain

config.status:720: creating Makefile
config.status:720: creating src/Makefile
config.status:720: creating po/Makefile.in
config.status:720: creating config.h
config.status:954: config.h is unchanged
config.status:1000: executing depfiles commands
config.status:1000: executing default-1 commands
config.status:1000: executing intltool commands
config.status:1000: executing po/stamp-it commands
